[debug] [2023-02-01T23:34:31.250Z] ----------------------------------------------------------------------
[debug] [2023-02-01T23:34:31.251Z] Command:       /usr/local/bin/node /usr/local/bin/firebase init
[debug] [2023-02-01T23:34:31.251Z] CLI Version:   11.22.0
[debug] [2023-02-01T23:34:31.251Z] Platform:      darwin
[debug] [2023-02-01T23:34:31.251Z] Node Version:  v18.12.1
[debug] [2023-02-01T23:34:31.252Z] Time:          Wed Feb 01 2023 18:34:31 GMT-0500 (Eastern Standard Time)
[debug] [2023-02-01T23:34:31.252Z] ----------------------------------------------------------------------
[debug] 
[debug] [2023-02-01T23:34:31.255Z] > command requires scopes: ["email","openid","https://www.googleapis.com/auth/cloudplatformprojects.readonly","https://www.googleapis.com/auth/firebase","https://www.googleapis.com/auth/cloud-platform"]
[debug] [2023-02-01T23:34:31.255Z] > authorizing via signed-in user (vaibhaw@collabwork.com)
[info] 
     ######## #### ########  ######## ########     ###     ######  ########
     ##        ##  ##     ## ##       ##     ##  ##   ##  ##       ##
     ######    ##  ########  ######   ########  #########  ######  ######
     ##        ##  ##    ##  ##       ##     ## ##     ##       ## ##
     ##       #### ##     ## ######## ########  ##     ##  ######  ########

You're about to initialize a Firebase project in this directory:

  /Users/vk/Library/MyDomain/node/react-comm-app-take1

[info] 
=== Project Setup
[info] 
[info] First, let's associate this project directory with a Firebase project.
[info] You can create multiple project aliases by running firebase use --add, 
[info] but for now we'll just set up a default project.
[info] 
[debug] [2023-02-01T23:35:00.766Z] > refreshing access token with scopes: []
[debug] [2023-02-01T23:35:00.768Z] >>> [apiv2][query] POST https://www.googleapis.com/oauth2/v3/token [none]
[debug] [2023-02-01T23:35:00.768Z] >>> [apiv2][body] POST https://www.googleapis.com/oauth2/v3/token [omitted]
[debug] [2023-02-01T23:35:00.971Z] <<< [apiv2][status] POST https://www.googleapis.com/oauth2/v3/token 200
[debug] [2023-02-01T23:35:00.971Z] <<< [apiv2][body] POST https://www.googleapis.com/oauth2/v3/token [omitted]
[debug] [2023-02-01T23:35:00.989Z] >>> [apiv2][query] GET https://firebase.googleapis.com/v1beta1/projects pageSize=100
[debug] [2023-02-01T23:35:01.734Z] <<< [apiv2][status] GET https://firebase.googleapis.com/v1beta1/projects 200
[debug] [2023-02-01T23:35:01.735Z] <<< [apiv2][body] GET https://firebase.googleapis.com/v1beta1/projects [omitted]
[info] i  Using project react-comm-app-take1 (react-comm-app-take1) 
[info] 
=== Hosting Setup
[info] 
[info] Your public directory is the folder (relative to your project directory) that
[info] will contain Hosting assets to be uploaded with firebase deploy. If you
[info] have a build process for your assets, use your build's output directory.
[info] 
